Total buildings: 4708
Already cached: 0
Progress: 0/4708 (0.0%)  found=0  not_found=0  errors=0  ETA‚Čą86min

  saved 50/4708  ETA‚Čą85min
  saved 100/4708  ETA‚Čą84min
  saved 150/4708  ETA‚Čą84min
  saved 200/4708  ETA‚Čą83min
  saved 250/4708  ETA‚Čą82min
  saved 300/4708  ETA‚Čą81min
  saved 350/4708  ETA‚Čą80min
  saved 400/4708  ETA‚Čą79min
  saved 450/4708  ETA‚Čą78min
  saved 500/4708  ETA‚Čą77min
  saved 550/4708  ETA‚Čą76min
  saved 600/4708  ETA‚Čą75min
  saved 650/4708  ETA‚Čą74min
  saved 700/4708  ETA‚Čą73min
  saved 750/4708  ETA‚Čą73min
  saved 800/4708  ETA‚Čą72min
  saved 850/4708  ETA‚Čą71min
  saved 900/4708  ETA‚Čą70min
  saved 950/4708  ETA‚Čą69min
  saved 1000/4708  ETA‚Čą68min
  saved 1050/4708  ETA‚Čą67min
  saved 1100/4708  ETA‚Čą66min
  saved 1150/4708  ETA‚Čą65min
  saved 1200/4708  ETA‚Čą64min
  saved 1250/4708  ETA‚Čą63min
  saved 1300/4708  ETA‚Čą62min
  saved 1350/4708  ETA‚Čą62min
  saved 1400/4708  ETA‚Čą61min
  saved 1450/4708  ETA‚Čą60min
  saved 1500/4708  ETA‚Čą59min
  saved 1550/4708  ETA‚Čą58min
  saved 1600/4708  ETA‚Čą57min
  saved 1650/4708  ETA‚Čą56min
  saved 1700/4708  ETA‚Čą55min
  saved 1750/4708  ETA‚Čą54min
  saved 1800/4708  ETA‚Čą53min
  saved 1850/4708  ETA‚Čą52min
  saved 1900/4708  ETA‚Čą51min
  saved 1950/4708  ETA‚Čą51min
  saved 2000/4708  ETA‚Čą50min
  saved 2050/4708  ETA‚Čą49min
  saved 2100/4708  ETA‚Čą48min
  saved 2150/4708  ETA‚Čą47min
  saved 2200/4708  ETA‚Čą46min
  saved 2250/4708  ETA‚Čą45min
  saved 2300/4708  ETA‚Čą44min
  saved 2350/4708  ETA‚Čą43min
  saved 2400/4708  ETA‚Čą42min
  saved 2450/4708  ETA‚Čą41min
  saved 2500/4708  ETA‚Čą40min
  saved 2550/4708  ETA‚Čą40min
  saved 2600/4708  ETA‚Čą39min
  saved 2650/4708  ETA‚Čą38min
  saved 2700/4708  ETA‚Čą37min
  saved 2750/4708  ETA‚Čą36min
  saved 2800/4708  ETA‚Čą35min
  saved 2850/4708  ETA‚Čą34min
  saved 2900/4708  ETA‚Čą33min
  saved 2950/4708  ETA‚Čą32min
  saved 3000/4708  ETA‚Čą31min
  saved 3050/4708  ETA‚Čą30min
  saved 3100/4708  ETA‚Čą29min
  saved 3150/4708  ETA‚Čą29min
  saved 3200/4708  ETA‚Čą28min
  saved 3250/4708  ETA‚Čą27min
  saved 3300/4708  ETA‚Čą26min
  saved 3350/4708  ETA‚Čą25min
  saved 3400/4708  ETA‚Čą24min
  saved 3450/4708  ETA‚Čą23min
  saved 3500/4708  ETA‚Čą22min
  saved 3550/4708  ETA‚Čą21min
  saved 3600/4708  ETA‚Čą20min
  saved 3650/4708  ETA‚Čą19min
  saved 3700/4708  ETA‚Čą18min
  saved 3750/4708  ETA‚Čą18min
  saved 3800/4708  ETA‚Čą17min
  saved 3850/4708  ETA‚Čą16min
  saved 3900/4708  ETA‚Čą15min
  saved 3950/4708  ETA‚Čą14min
  saved 4000/4708  ETA‚Čą13min
  saved 4050/4708  ETA‚Čą12min
  saved 4100/4708  ETA‚Čą11min
  saved 4150/4708  ETA‚Čą10min
  saved 4200/4708  ETA‚Čą9min
  saved 4250/4708  ETA‚Čą8min
  saved 4300/4708  ETA‚Čą7min
  saved 4350/4708  ETA‚Čą7min
  saved 4400/4708  ETA‚Čą6min
  saved 4450/4708  ETA‚Čą5min
  saved 4500/4708  ETA‚Čą4min
  saved 4550/4708  ETA‚Čą3min
  saved 4600/4708  ETA‚Čą2min
  saved 4650/4708  ETA‚Čą1min
  saved 4700/4708  ETA‚Čą0min

Done.
Progress: 4708/4708 (100.0%)  found=1574  not_found=3062  errors=72  ETA‚Čą0min
